running egg_info
creating ../../build/slam_to_grid/slam_to_grid.egg-info
writing ../../build/slam_to_grid/slam_to_grid.egg-info/PKG-INFO
writing dependency_links to ../../build/slam_to_grid/slam_to_grid.egg-info/dependency_links.txt
writing entry points to ../../build/slam_to_grid/slam_to_grid.egg-info/entry_points.txt
writing requirements to ../../build/slam_to_grid/slam_to_grid.egg-info/requires.txt
writing top-level names to ../../build/slam_to_grid/slam_to_grid.egg-info/top_level.txt
writing manifest file '../../build/slam_to_grid/slam_to_grid.egg-info/SOURCES.txt'
reading manifest file '../../build/slam_to_grid/slam_to_grid.egg-info/SOURCES.txt'
writing manifest file '../../build/slam_to_grid/slam_to_grid.egg-info/SOURCES.txt'
running build
running build_py
creating /home/mohamed/ROBO201_Project/build/slam_to_grid/build
creating /home/mohamed/ROBO201_Project/build/slam_to_grid/build/lib
creating /home/mohamed/ROBO201_Project/build/slam_to_grid/build/lib/slam_to_grid
copying slam_to_grid/__init__.py -> /home/mohamed/ROBO201_Project/build/slam_to_grid/build/lib/slam_to_grid
copying slam_to_grid/read_map.py -> /home/mohamed/ROBO201_Project/build/slam_to_grid/build/lib/slam_to_grid
running install
running install_lib
creating /home/mohamed/ROBO201_Project/install/slam_to_grid/lib/python3.10/site-packages/slam_to_grid
copying /home/mohamed/ROBO201_Project/build/slam_to_grid/build/lib/slam_to_grid/__init__.py -> /home/mohamed/ROBO201_Project/install/slam_to_grid/lib/python3.10/site-packages/slam_to_grid
copying /home/mohamed/ROBO201_Project/build/slam_to_grid/build/lib/slam_to_grid/read_map.py -> /home/mohamed/ROBO201_Project/install/slam_to_grid/lib/python3.10/site-packages/slam_to_grid
byte-compiling /home/mohamed/ROBO201_Project/install/slam_to_grid/lib/python3.10/site-packages/slam_to_grid/__init__.py to __init__.cpython-310.pyc
byte-compiling /home/mohamed/ROBO201_Project/install/slam_to_grid/lib/python3.10/site-packages/slam_to_grid/read_map.py to read_map.cpython-310.pyc
running install_data
creating /home/mohamed/ROBO201_Project/install/slam_to_grid/share/ament_index
creating /home/mohamed/ROBO201_Project/install/slam_to_grid/share/ament_index/resource_index
creating /home/mohamed/ROBO201_Project/install/slam_to_grid/share/ament_index/resource_index/packages
copying resource/slam_to_grid -> /home/mohamed/ROBO201_Project/install/slam_to_grid/share/ament_index/resource_index/packages
copying package.xml -> /home/mohamed/ROBO201_Project/install/slam_to_grid/share/slam_to_grid
running install_egg_info
Copying ../../build/slam_to_grid/slam_to_grid.egg-info to /home/mohamed/ROBO201_Project/install/slam_to_grid/lib/python3.10/site-packages/slam_to_grid-0.0.0-py3.10.egg-info
running install_scripts
writing list of installed files to '/home/mohamed/ROBO201_Project/build/slam_to_grid/install.log'
