[0.144s] DEBUG:colcon:Command line arguments: ['/usr/bin/colcon', 'build', '--symlink-install']
[0.144s] DEBUG:colcon:Parsed command line arguments: Namespace(log_base=None, log_level=None, verb_name='build', build_base='build', install_base='install', merge_install=False, symlink_install=True, test_result_base=None, continue_on_error=False, executor='parallel', parallel_workers=32, event_handlers=None, ignore_user_meta=False, metas=['./colcon.meta'], base_paths=['.'], packages_ignore=None, packages_ignore_regex=None, paths=None, packages_up_to=None, packages_up_to_regex=None, packages_above=None, packages_above_and_dependencies=None, packages_above_depth=None, packages_select_by_dep=None, packages_skip_by_dep=None, packages_skip_up_to=None, packages_select_build_failed=False, packages_skip_build_finished=False, packages_select_test_failures=False, packages_skip_test_passed=False, packages_select=None, packages_skip=None, packages_select_regex=None, packages_skip_regex=None, packages_start=None, packages_end=None, allow_overriding=[], cmake_args=None, cmake_target=None, cmake_target_skip_unavailable=False, cmake_clean_cache=False, cmake_clean_first=False, cmake_force_configure=False, ament_cmake_args=None, catkin_cmake_args=None, catkin_skip_building_tests=False, mixin_files=None, mixin=None, verb_parser=<colcon_mixin.mixin.mixin_argument.MixinArgumentDecorator object at 0x70a5102579d0>, verb_extension=<colcon_core.verb.build.BuildVerb object at 0x70a510257250>, main=<bound method BuildVerb.main of <colcon_core.verb.build.BuildVerb object at 0x70a510257250>>, mixin_verb=('build',))
[0.296s] Level 1:colcon.colcon_core.package_discovery:discover_packages(colcon_meta) check parameters
[0.296s] Level 1:colcon.colcon_core.package_discovery:discover_packages(recursive) check parameters
[0.296s] Level 1:colcon.colcon_core.package_discovery:discover_packages(ignore) check parameters
[0.296s] Level 1:colcon.colcon_core.package_discovery:discover_packages(path) check parameters
[0.296s] Level 1:colcon.colcon_core.package_discovery:discover_packages(colcon_meta) discover
[0.296s] Level 1:colcon.colcon_core.package_discovery:discover_packages(recursive) discover
[0.296s] INFO:colcon.colcon_core.package_discovery:Crawling recursively for packages in '/home/mohamed/ROBO201_Project/src'
[0.296s] Level 1:colcon.colcon_core.package_identification:_identify(.) by extensions ['ignore', 'ignore_ament_install']
[0.297s] Level 1:colcon.colcon_core.package_identification:_identify(.) by extension 'ignore'
[0.297s] Level 1:colcon.colcon_core.package_identification:_identify(.) by extension 'ignore_ament_install'
[0.297s] Level 1:colcon.colcon_core.package_identification:_identify(.) by extensions ['colcon_pkg']
[0.297s] Level 1:colcon.colcon_core.package_identification:_identify(.) by extension 'colcon_pkg'
[0.297s] Level 1:colcon.colcon_core.package_identification:_identify(.) by extensions ['colcon_meta']
[0.297s] Level 1:colcon.colcon_core.package_identification:_identify(.) by extension 'colcon_meta'
[0.297s] Level 1:colcon.colcon_core.package_identification:_identify(.) by extensions ['ros']
[0.297s] Level 1:colcon.colcon_core.package_identification:_identify(.) by extension 'ros'
[0.307s] Level 1:colcon.colcon_core.package_identification:_identify(.) by extensions ['cmake', 'python']
[0.307s] Level 1:colcon.colcon_core.package_identification:_identify(.) by extension 'cmake'
[0.307s] Level 1:colcon.colcon_core.package_identification:_identify(.) by extension 'python'
[0.308s] Level 1:colcon.colcon_core.package_identification:_identify(.) by extensions ['python_setup_py']
[0.308s] Level 1:colcon.colcon_core.package_identification:_identify(.) by extension 'python_setup_py'
[0.308s] Level 1:colcon.colcon_core.package_identification:_identify(build) by extensions ['ignore', 'ignore_ament_install']
[0.308s] Level 1:colcon.colcon_core.package_identification:_identify(build) by extension 'ignore'
[0.308s] Level 1:colcon.colcon_core.package_identification:_identify(build) ignored
[0.308s] Level 1:colcon.colcon_core.package_identification:_identify(install) by extensions ['ignore', 'ignore_ament_install']
[0.308s] Level 1:colcon.colcon_core.package_identification:_identify(install) by extension 'ignore'
[0.308s] Level 1:colcon.colcon_core.package_identification:_identify(install) ignored
[0.308s] Level 1:colcon.colcon_core.package_identification:_identify(log) by extensions ['ignore', 'ignore_ament_install']
[0.308s] Level 1:colcon.colcon_core.package_identification:_identify(log) by extension 'ignore'
[0.308s] Level 1:colcon.colcon_core.package_identification:_identify(log) ignored
[0.308s] Level 1:colcon.colcon_core.package_identification:_identify(slam_to_grid) by extensions ['ignore', 'ignore_ament_install']
[0.308s] Level 1:colcon.colcon_core.package_identification:_identify(slam_to_grid) by extension 'ignore'
[0.308s] Level 1:colcon.colcon_core.package_identification:_identify(slam_to_grid) by extension 'ignore_ament_install'
[0.308s] Level 1:colcon.colcon_core.package_identification:_identify(slam_to_grid) by extensions ['colcon_pkg']
[0.308s] Level 1:colcon.colcon_core.package_identification:_identify(slam_to_grid) by extension 'colcon_pkg'
[0.308s] Level 1:colcon.colcon_core.package_identification:_identify(slam_to_grid) by extensions ['colcon_meta']
[0.308s] Level 1:colcon.colcon_core.package_identification:_identify(slam_to_grid) by extension 'colcon_meta'
[0.309s] Level 1:colcon.colcon_core.package_identification:_identify(slam_to_grid) by extensions ['ros']
[0.309s] Level 1:colcon.colcon_core.package_identification:_identify(slam_to_grid) by extension 'ros'
[0.311s] DEBUG:colcon.colcon_core.package_identification:Package 'slam_to_grid' with type 'ros.ament_python' and name 'slam_to_grid'
[0.311s] Level 1:colcon.colcon_core.package_discovery:discover_packages(recursive) using defaults
[0.311s] Level 1:colcon.colcon_core.package_discovery:discover_packages(ignore) discover
[0.311s] Level 1:colcon.colcon_core.package_discovery:discover_packages(ignore) using defaults
[0.311s] Level 1:colcon.colcon_core.package_discovery:discover_packages(path) discover
[0.311s] Level 1:colcon.colcon_core.package_discovery:discover_packages(path) using defaults
[0.338s] Level 1:colcon.colcon_core.package_discovery:discover_packages(prefix_path) check parameters
[0.338s] Level 1:colcon.colcon_core.package_discovery:discover_packages(prefix_path) discover
[0.341s] DEBUG:colcon.colcon_installed_package_information.package_discovery:Found 16 installed packages in /home/mohamed/turtlebot3_ws/install
[0.342s] DEBUG:colcon.colcon_installed_package_information.package_discovery:Found 337 installed packages in /opt/ros/humble
[0.343s] Level 1:colcon.colcon_core.package_discovery:discover_packages(prefix_path) using defaults
[0.382s] Level 5:colcon.colcon_core.verb:set package 'slam_to_grid' build argument 'cmake_args' from command line to 'None'
[0.382s] Level 5:colcon.colcon_core.verb:set package 'slam_to_grid' build argument 'cmake_target' from command line to 'None'
[0.382s] Level 5:colcon.colcon_core.verb:set package 'slam_to_grid' build argument 'cmake_target_skip_unavailable' from command line to 'False'
[0.382s] Level 5:colcon.colcon_core.verb:set package 'slam_to_grid' build argument 'cmake_clean_cache' from command line to 'False'
[0.382s] Level 5:colcon.colcon_core.verb:set package 'slam_to_grid' build argument 'cmake_clean_first' from command line to 'False'
[0.382s] Level 5:colcon.colcon_core.verb:set package 'slam_to_grid' build argument 'cmake_force_configure' from command line to 'False'
[0.382s] Level 5:colcon.colcon_core.verb:set package 'slam_to_grid' build argument 'ament_cmake_args' from command line to 'None'
[0.382s] Level 5:colcon.colcon_core.verb:set package 'slam_to_grid' build argument 'catkin_cmake_args' from command line to 'None'
[0.382s] Level 5:colcon.colcon_core.verb:set package 'slam_to_grid' build argument 'catkin_skip_building_tests' from command line to 'False'
[0.382s] DEBUG:colcon.colcon_core.verb:Building package 'slam_to_grid' with the following arguments: {'ament_cmake_args': None, 'build_base': '/home/mohamed/ROBO201_Project/src/build/slam_to_grid', 'catkin_cmake_args': None, 'catkin_skip_building_tests': False, 'cmake_args': None, 'cmake_clean_cache': False, 'cmake_clean_first': False, 'cmake_force_configure': False, 'cmake_target': None, 'cmake_target_skip_unavailable': False, 'install_base': '/home/mohamed/ROBO201_Project/src/install/slam_to_grid', 'merge_install': False, 'path': '/home/mohamed/ROBO201_Project/src/slam_to_grid', 'symlink_install': True, 'test_result_base': None}
[0.382s] INFO:colcon.colcon_core.executor:Executing jobs using 'parallel' executor
[0.384s] DEBUG:colcon.colcon_parallel_executor.executor.parallel:run_until_complete
[0.384s] INFO:colcon.colcon_ros.task.ament_python.build:Building ROS package in '/home/mohamed/ROBO201_Project/src/slam_to_grid' with build type 'ament_python'
[0.384s] Level 1:colcon.colcon_core.shell:create_environment_hook('slam_to_grid', 'ament_prefix_path')
[0.386s] INFO:colcon.colcon_core.plugin_system:Skipping extension 'colcon_core.shell.bat': Not used on non-Windows systems
[0.386s] INFO:colcon.colcon_core.shell:Creating environment hook '/home/mohamed/ROBO201_Project/src/install/slam_to_grid/share/slam_to_grid/hook/ament_prefix_path.ps1'
[0.387s] INFO:colcon.colcon_core.shell:Creating environment descriptor '/home/mohamed/ROBO201_Project/src/install/slam_to_grid/share/slam_to_grid/hook/ament_prefix_path.dsv'
[0.387s] INFO:colcon.colcon_core.shell:Creating environment hook '/home/mohamed/ROBO201_Project/src/install/slam_to_grid/share/slam_to_grid/hook/ament_prefix_path.sh'
[0.388s] INFO:colcon.colcon_core.shell:Skip shell extension 'powershell' for command environment: Not usable outside of PowerShell
[0.388s] DEBUG:colcon.colcon_core.shell:Skip shell extension 'dsv' for command environment
[0.695s] INFO:colcon.colcon_core.task.python.build:Building Python package in '/home/mohamed/ROBO201_Project/src/slam_to_grid'
[0.695s] INFO:colcon.colcon_core.shell:Skip shell extension 'powershell' for command environment: Not usable outside of PowerShell
[0.695s] DEBUG:colcon.colcon_core.shell:Skip shell extension 'dsv' for command environment
[1.170s] DEBUG:colcon.colcon_core.event_handler.log_command:Invoking command in '/home/mohamed/ROBO201_Project/src/build/slam_to_grid': PYTHONPATH=/home/mohamed/ROBO201_Project/src/build/slam_to_grid/prefix_override:/usr/lib/python3/dist-packages/colcon_core/task/python/colcon_distutils_commands:/home/mohamed/ROBO201_Project/src/install/slam_to_grid/lib/python3.10/site-packages:${PYTHONPATH} /usr/bin/python3 -W ignore:setup.py install is deprecated -W ignore:easy_install command is deprecated setup.py develop --editable --build-directory /home/mohamed/ROBO201_Project/src/build/slam_to_grid/build --no-deps symlink_data
[1.658s] Level 1:colcon.colcon_core.shell:create_environment_hook('slam_to_grid', 'pythonpath_develop')
[1.659s] DEBUG:colcon.colcon_core.event_handler.log_command:Invoked command in '/home/mohamed/ROBO201_Project/src/build/slam_to_grid' returned '0': PYTHONPATH=/home/mohamed/ROBO201_Project/src/build/slam_to_grid/prefix_override:/usr/lib/python3/dist-packages/colcon_core/task/python/colcon_distutils_commands:/home/mohamed/ROBO201_Project/src/install/slam_to_grid/lib/python3.10/site-packages:${PYTHONPATH} /usr/bin/python3 -W ignore:setup.py install is deprecated -W ignore:easy_install command is deprecated setup.py develop --editable --build-directory /home/mohamed/ROBO201_Project/src/build/slam_to_grid/build --no-deps symlink_data
[1.660s] INFO:colcon.colcon_core.shell:Creating environment hook '/home/mohamed/ROBO201_Project/src/build/slam_to_grid/share/slam_to_grid/hook/pythonpath_develop.ps1'
[1.661s] INFO:colcon.colcon_core.shell:Creating environment descriptor '/home/mohamed/ROBO201_Project/src/build/slam_to_grid/share/slam_to_grid/hook/pythonpath_develop.dsv'
[1.661s] INFO:colcon.colcon_core.shell:Creating environment hook '/home/mohamed/ROBO201_Project/src/build/slam_to_grid/share/slam_to_grid/hook/pythonpath_develop.sh'
[1.665s] Level 1:colcon.colcon_core.environment:checking '/home/mohamed/ROBO201_Project/src/install/slam_to_grid' for CMake module files
[1.665s] Level 1:colcon.colcon_core.environment:checking '/home/mohamed/ROBO201_Project/src/install/slam_to_grid' for CMake config files
[1.666s] Level 1:colcon.colcon_core.environment:checking '/home/mohamed/ROBO201_Project/src/install/slam_to_grid/lib'
[1.666s] Level 1:colcon.colcon_core.environment:checking '/home/mohamed/ROBO201_Project/src/install/slam_to_grid/bin'
[1.666s] Level 1:colcon.colcon_core.environment:checking '/home/mohamed/ROBO201_Project/src/install/slam_to_grid/lib/pkgconfig/slam_to_grid.pc'
[1.667s] Level 1:colcon.colcon_core.environment:checking '/home/mohamed/ROBO201_Project/src/install/slam_to_grid/lib/python3.10/site-packages'
[1.667s] Level 1:colcon.colcon_core.shell:create_environment_hook('slam_to_grid', 'pythonpath')
[1.667s] INFO:colcon.colcon_core.shell:Creating environment hook '/home/mohamed/ROBO201_Project/src/install/slam_to_grid/share/slam_to_grid/hook/pythonpath.ps1'
[1.667s] INFO:colcon.colcon_core.shell:Creating environment descriptor '/home/mohamed/ROBO201_Project/src/install/slam_to_grid/share/slam_to_grid/hook/pythonpath.dsv'
[1.668s] INFO:colcon.colcon_core.shell:Creating environment hook '/home/mohamed/ROBO201_Project/src/install/slam_to_grid/share/slam_to_grid/hook/pythonpath.sh'
[1.669s] Level 1:colcon.colcon_core.environment:checking '/home/mohamed/ROBO201_Project/src/install/slam_to_grid/bin'
[1.669s] Level 1:colcon.colcon_core.environment:create_environment_scripts_only(slam_to_grid)
[1.669s] INFO:colcon.colcon_core.shell:Creating package script '/home/mohamed/ROBO201_Project/src/install/slam_to_grid/share/slam_to_grid/package.ps1'
[1.670s] INFO:colcon.colcon_core.shell:Creating package descriptor '/home/mohamed/ROBO201_Project/src/install/slam_to_grid/share/slam_to_grid/package.dsv'
[1.671s] INFO:colcon.colcon_core.shell:Creating package script '/home/mohamed/ROBO201_Project/src/install/slam_to_grid/share/slam_to_grid/package.sh'
[1.672s] INFO:colcon.colcon_core.shell:Creating package script '/home/mohamed/ROBO201_Project/src/install/slam_to_grid/share/slam_to_grid/package.bash'
[1.672s] INFO:colcon.colcon_core.shell:Creating package script '/home/mohamed/ROBO201_Project/src/install/slam_to_grid/share/slam_to_grid/package.zsh'
[1.673s] Level 1:colcon.colcon_core.environment:create_file_with_runtime_dependencies(/home/mohamed/ROBO201_Project/src/install/slam_to_grid/share/colcon-core/packages/slam_to_grid)
[1.673s] DEBUG:colcon.colcon_parallel_executor.executor.parallel:closing loop
[1.674s] DEBUG:colcon.colcon_parallel_executor.executor.parallel:loop closed
[1.674s] DEBUG:colcon.colcon_parallel_executor.executor.parallel:run_until_complete finished with '0'
[1.674s] DEBUG:colcon.colcon_core.event_reactor:joining thread
[1.680s] INFO:colcon.colcon_core.plugin_system:Skipping extension 'colcon_notification.desktop_notification.terminal_notifier': Not used on non-Darwin systems
[1.680s] INFO:colcon.colcon_core.plugin_system:Skipping extension 'colcon_notification.desktop_notification.win32': Not used on non-Windows systems
[1.680s] INFO:colcon.colcon_notification.desktop_notification:Sending desktop notification using 'notify2'
[1.693s] DEBUG:colcon.colcon_core.event_reactor:joined thread
[1.694s] INFO:colcon.colcon_core.shell:Creating prefix script '/home/mohamed/ROBO201_Project/src/install/local_setup.ps1'
[1.695s] INFO:colcon.colcon_core.shell:Creating prefix util module '/home/mohamed/ROBO201_Project/src/install/_local_setup_util_ps1.py'
[1.696s] INFO:colcon.colcon_core.shell:Creating prefix chain script '/home/mohamed/ROBO201_Project/src/install/setup.ps1'
[1.698s] INFO:colcon.colcon_core.shell:Creating prefix script '/home/mohamed/ROBO201_Project/src/install/local_setup.sh'
[1.699s] INFO:colcon.colcon_core.shell:Creating prefix util module '/home/mohamed/ROBO201_Project/src/install/_local_setup_util_sh.py'
[1.699s] INFO:colcon.colcon_core.shell:Creating prefix chain script '/home/mohamed/ROBO201_Project/src/install/setup.sh'
[1.701s] INFO:colcon.colcon_core.shell:Creating prefix script '/home/mohamed/ROBO201_Project/src/install/local_setup.bash'
[1.702s] INFO:colcon.colcon_core.shell:Creating prefix chain script '/home/mohamed/ROBO201_Project/src/install/setup.bash'
[1.703s] INFO:colcon.colcon_core.shell:Creating prefix script '/home/mohamed/ROBO201_Project/src/install/local_setup.zsh'
[1.704s] INFO:colcon.colcon_core.shell:Creating prefix chain script '/home/mohamed/ROBO201_Project/src/install/setup.zsh'
